[17:28:41]   🚀 Glink Daemon v0.4 | 项目: testglink
[17:28:41]      工作流: /Users/gary/opprime/glink/workflows/testglink.yaml
[17:28:41]      Bus:    /Users/gary/opprime/glink/bus/projects/testglink.jsonl
[17:28:41]      重试:   2x | 轮询间隔: 3s
[17:28:41]   加载工作流: /Users/gary/opprime/glink/workflows/testglink.yaml
[17:28:41]      加载: 诺保科CRM — Glink 全流程试验
[17:28:41]      步骤: 8 步
[17:28:41]     ✅ Step-1 已完成/失败: 需求分析 — 消化两份需求文档
[17:28:41]     ✅ Step-2 已完成/失败: 数据库结构审计与升级 — 对齐需求文档
[17:28:41]     ✅ Step-3 已完成/失败: 后台 API 补全 — 未实现的接口
[17:28:41]     ✅ Step-4 已完成/失败: 后台管理页面 — layuimini 前端开发
[17:28:41]     ✅ Step-5 已完成/失败: 小程序功能补全 — WeChat Mini Program
[17:28:41]     ✅ Step-6 已完成/失败: 填充演示数据 — 全量测试数据
[17:28:41]     ✅ Step-7 已完成/失败: 全流程集成测试 — API 测试 + 页面渲染
[17:28:41]     ✅ Step-8 已完成/失败: 需求 vs 交付 对比验收
[17:28:41] ✅ 工作流已完成！Bus 统计: 10/8 步
[17:28:41]   
[17:28:41]     ⏸  workflow 完成，HTTP API 持续运行中...
[17:28:41]     📡 Dashboard: http://127.0.0.1:8426
[17:28:41]     停止: kill $(lsof -ti :8426)
  📡 Dashboard API: http://127.0.0.1:8426
[17:28:53]   加载工作流: /Users/gary/opprime/glink/workflows/testglink.yaml
[17:29:07]   加载工作流: /Users/gary/opprime/glink/workflows/testglink.yaml
[17:29:09]   加载工作流: /Users/gary/opprime/glink/workflows/testglink.yaml
[17:29:11]   加载工作流: /Users/gary/opprime/glink/workflows/testglink.yaml
[17:29:13]   加载工作流: /Users/gary/opprime/glink/workflows/testglink.yaml
[17:29:15]   加载工作流: /Users/gary/opprime/glink/workflows/testglink.yaml
[17:29:17]   加载工作流: /Users/gary/opprime/glink/workflows/testglink.yaml
[17:29:19]   加载工作流: /Users/gary/opprime/glink/workflows/testglink.yaml
[17:29:51]   加载工作流: /Users/gary/opprime/glink/workflows/testglink.yaml
[17:29:53]   加载工作流: /Users/gary/opprime/glink/workflows/testglink.yaml
[17:29:55]   加载工作流: /Users/gary/opprime/glink/workflows/testglink.yaml
[17:29:57]   加载工作流: /Users/gary/opprime/glink/workflows/testglink.yaml
[17:29:59]   加载工作流: /Users/gary/opprime/glink/workflows/testglink.yaml
[17:30:01]   加载工作流: /Users/gary/opprime/glink/workflows/testglink.yaml
[17:30:03]   加载工作流: /Users/gary/opprime/glink/workflows/testglink.yaml
[17:30:05]   加载工作流: /Users/gary/opprime/glink/workflows/testglink.yaml
[17:30:07]   加载工作流: /Users/gary/opprime/glink/workflows/testglink.yaml
[17:30:09]   加载工作流: /Users/gary/opprime/glink/workflows/testglink.yaml
[17:30:11]   加载工作流: /Users/gary/opprime/glink/workflows/testglink.yaml
[17:30:13]   加载工作流: /Users/gary/opprime/glink/workflows/testglink.yaml
[17:30:15]   加载工作流: /Users/gary/opprime/glink/workflows/testglink.yaml
[17:30:17]   加载工作流: /Users/gary/opprime/glink/workflows/testglink.yaml
[17:30:19]   加载工作流: /Users/gary/opprime/glink/workflows/testglink.yaml
[17:30:21]   加载工作流: /Users/gary/opprime/glink/workflows/testglink.yaml
[17:30:23]   加载工作流: /Users/gary/opprime/glink/workflows/testglink.yaml
[17:30:25]   加载工作流: /Users/gary/opprime/glink/workflows/testglink.yaml
[17:30:27]   加载工作流: /Users/gary/opprime/glink/workflows/testglink.yaml
[17:30:29]   加载工作流: /Users/gary/opprime/glink/workflows/testglink.yaml
[17:30:31]   加载工作流: /Users/gary/opprime/glink/workflows/testglink.yaml
[17:30:33]   加载工作流: /Users/gary/opprime/glink/workflows/testglink.yaml
[17:30:35]   加载工作流: /Users/gary/opprime/glink/workflows/testglink.yaml
[17:30:37]   加载工作流: /Users/gary/opprime/glink/workflows/testglink.yaml
[17:30:39]   加载工作流: /Users/gary/opprime/glink/workflows/testglink.yaml
[17:30:41]   加载工作流: /Users/gary/opprime/glink/workflows/testglink.yaml
[17:30:43]   加载工作流: /Users/gary/opprime/glink/workflows/testglink.yaml
[17:30:45]   加载工作流: /Users/gary/opprime/glink/workflows/testglink.yaml
[17:30:47]   加载工作流: /Users/gary/opprime/glink/workflows/testglink.yaml
[17:30:49]   加载工作流: /Users/gary/opprime/glink/workflows/testglink.yaml
[17:30:51]   加载工作流: /Users/gary/opprime/glink/workflows/testglink.yaml
[17:30:53]   加载工作流: /Users/gary/opprime/glink/workflows/testglink.yaml
[17:30:55]   加载工作流: /Users/gary/opprime/glink/workflows/testglink.yaml
[17:30:57]   加载工作流: /Users/gary/opprime/glink/workflows/testglink.yaml
[17:30:59]   加载工作流: /Users/gary/opprime/glink/workflows/testglink.yaml
[17:31:01]   加载工作流: /Users/gary/opprime/glink/workflows/testglink.yaml
[17:31:03]   加载工作流: /Users/gary/opprime/glink/workflows/testglink.yaml
[17:31:05]   加载工作流: /Users/gary/opprime/glink/workflows/testglink.yaml
[17:31:07]   加载工作流: /Users/gary/opprime/glink/workflows/testglink.yaml
[17:31:09]   加载工作流: /Users/gary/opprime/glink/workflows/testglink.yaml
[17:31:11]   加载工作流: /Users/gary/opprime/glink/workflows/testglink.yaml
[17:31:13]   加载工作流: /Users/gary/opprime/glink/workflows/testglink.yaml
[17:31:15]   加载工作流: /Users/gary/opprime/glink/workflows/testglink.yaml
[17:31:17]   加载工作流: /Users/gary/opprime/glink/workflows/testglink.yaml
[17:31:19]   加载工作流: /Users/gary/opprime/glink/workflows/testglink.yaml
[17:31:21]   加载工作流: /Users/gary/opprime/glink/workflows/testglink.yaml
[17:31:23]   加载工作流: /Users/gary/opprime/glink/workflows/testglink.yaml
[17:31:25]   加载工作流: /Users/gary/opprime/glink/workflows/testglink.yaml
[17:31:27]   加载工作流: /Users/gary/opprime/glink/workflows/testglink.yaml
[17:31:29]   加载工作流: /Users/gary/opprime/glink/workflows/testglink.yaml
[17:32:02]   加载工作流: /Users/gary/opprime/glink/workflows/testglink.yaml
[17:32:03]   加载工作流: /Users/gary/opprime/glink/workflows/testglink.yaml
[17:32:05]   加载工作流: /Users/gary/opprime/glink/workflows/testglink.yaml
[17:32:07]   加载工作流: /Users/gary/opprime/glink/workflows/testglink.yaml
[17:32:09]   加载工作流: /Users/gary/opprime/glink/workflows/testglink.yaml
[17:32:11]   加载工作流: /Users/gary/opprime/glink/workflows/testglink.yaml
[17:32:13]   加载工作流: /Users/gary/opprime/glink/workflows/testglink.yaml
[17:32:15]   加载工作流: /Users/gary/opprime/glink/workflows/testglink.yaml
[17:32:17]   加载工作流: /Users/gary/opprime/glink/workflows/testglink.yaml
[17:32:19]   加载工作流: /Users/gary/opprime/glink/workflows/testglink.yaml
[17:32:21]   加载工作流: /Users/gary/opprime/glink/workflows/testglink.yaml
[17:32:23]   加载工作流: /Users/gary/opprime/glink/workflows/testglink.yaml
[17:32:25]   加载工作流: /Users/gary/opprime/glink/workflows/testglink.yaml
[17:32:27]   加载工作流: /Users/gary/opprime/glink/workflows/testglink.yaml
[17:32:29]   加载工作流: /Users/gary/opprime/glink/workflows/testglink.yaml
[17:32:31]   加载工作流: /Users/gary/opprime/glink/workflows/testglink.yaml
[17:32:33]   加载工作流: /Users/gary/opprime/glink/workflows/testglink.yaml
[17:32:35]   加载工作流: /Users/gary/opprime/glink/workflows/testglink.yaml
[17:32:37]   加载工作流: /Users/gary/opprime/glink/workflows/testglink.yaml
[17:32:39]   加载工作流: /Users/gary/opprime/glink/workflows/testglink.yaml
[17:32:41]   加载工作流: /Users/gary/opprime/glink/workflows/testglink.yaml
[17:32:43]   加载工作流: /Users/gary/opprime/glink/workflows/testglink.yaml
[17:32:45]   加载工作流: /Users/gary/opprime/glink/workflows/testglink.yaml
[17:32:47]   加载工作流: /Users/gary/opprime/glink/workflows/testglink.yaml
[17:32:49]   加载工作流: /Users/gary/opprime/glink/workflows/testglink.yaml
[17:32:51]   加载工作流: /Users/gary/opprime/glink/workflows/testglink.yaml
[17:32:53]   加载工作流: /Users/gary/opprime/glink/workflows/testglink.yaml
[17:32:55]   加载工作流: /Users/gary/opprime/glink/workflows/testglink.yaml
[17:32:57]   加载工作流: /Users/gary/opprime/glink/workflows/testglink.yaml
[17:32:59]   加载工作流: /Users/gary/opprime/glink/workflows/testglink.yaml
[17:33:01]   加载工作流: /Users/gary/opprime/glink/workflows/testglink.yaml
[17:33:03]   加载工作流: /Users/gary/opprime/glink/workflows/testglink.yaml
[17:33:28]   加载工作流: /Users/gary/opprime/glink/workflows/testglink.yaml
[17:34:28]   加载工作流: /Users/gary/opprime/glink/workflows/testglink.yaml
[17:35:28]   加载工作流: /Users/gary/opprime/glink/workflows/testglink.yaml
[17:36:28]   加载工作流: /Users/gary/opprime/glink/workflows/testglink.yaml
[17:37:28]   加载工作流: /Users/gary/opprime/glink/workflows/testglink.yaml
[17:38:28]   加载工作流: /Users/gary/opprime/glink/workflows/testglink.yaml
[17:39:28]   加载工作流: /Users/gary/opprime/glink/workflows/testglink.yaml
[17:40:28]   加载工作流: /Users/gary/opprime/glink/workflows/testglink.yaml
[17:41:28]   加载工作流: /Users/gary/opprime/glink/workflows/testglink.yaml
[17:42:24]   加载工作流: /Users/gary/opprime/glink/workflows/testglink.yaml
[17:42:25]   加载工作流: /Users/gary/opprime/glink/workflows/testglink.yaml
[17:42:27]   加载工作流: /Users/gary/opprime/glink/workflows/testglink.yaml
[17:42:27]   加载工作流: /Users/gary/opprime/glink/workflows/testglink.yaml
[17:42:31]   加载工作流: /Users/gary/opprime/glink/workflows/testglink.yaml
[17:42:33]   加载工作流: /Users/gary/opprime/glink/workflows/testglink.yaml
[17:42:35]   加载工作流: /Users/gary/opprime/glink/workflows/testglink.yaml
[17:42:37]   加载工作流: /Users/gary/opprime/glink/workflows/testglink.yaml
[17:42:39]   加载工作流: /Users/gary/opprime/glink/workflows/testglink.yaml
[17:42:41]   加载工作流: /Users/gary/opprime/glink/workflows/testglink.yaml
[17:42:43]   加载工作流: /Users/gary/opprime/glink/workflows/testglink.yaml
[17:42:45]   加载工作流: /Users/gary/opprime/glink/workflows/testglink.yaml
[17:42:47]   加载工作流: /Users/gary/opprime/glink/workflows/testglink.yaml
[17:42:49]   加载工作流: /Users/gary/opprime/glink/workflows/testglink.yaml
[17:42:51]   加载工作流: /Users/gary/opprime/glink/workflows/testglink.yaml
[17:42:53]   加载工作流: /Users/gary/opprime/glink/workflows/testglink.yaml
[17:42:55]   加载工作流: /Users/gary/opprime/glink/workflows/testglink.yaml
[17:42:57]   加载工作流: /Users/gary/opprime/glink/workflows/testglink.yaml
[17:42:59]   加载工作流: /Users/gary/opprime/glink/workflows/testglink.yaml
[17:43:01]   加载工作流: /Users/gary/opprime/glink/workflows/testglink.yaml
[17:43:03]   加载工作流: /Users/gary/opprime/glink/workflows/testglink.yaml
[17:43:05]   加载工作流: /Users/gary/opprime/glink/workflows/testglink.yaml
[17:43:07]   加载工作流: /Users/gary/opprime/glink/workflows/testglink.yaml
[17:43:09]   加载工作流: /Users/gary/opprime/glink/workflows/testglink.yaml
[17:43:11]   加载工作流: /Users/gary/opprime/glink/workflows/testglink.yaml
[17:43:13]   加载工作流: /Users/gary/opprime/glink/workflows/testglink.yaml
[17:43:15]   加载工作流: /Users/gary/opprime/glink/workflows/testglink.yaml
[17:43:17]   加载工作流: /Users/gary/opprime/glink/workflows/testglink.yaml
[17:43:19]   加载工作流: /Users/gary/opprime/glink/workflows/testglink.yaml
[17:43:21]   加载工作流: /Users/gary/opprime/glink/workflows/testglink.yaml
[17:43:23]   加载工作流: /Users/gary/opprime/glink/workflows/testglink.yaml
[17:43:23]   加载工作流: /Users/gary/opprime/glink/workflows/testglink.yaml
[17:43:25]   加载工作流: /Users/gary/opprime/glink/workflows/testglink.yaml
[17:43:27]   加载工作流: /Users/gary/opprime/glink/workflows/testglink.yaml
[17:43:29]   加载工作流: /Users/gary/opprime/glink/workflows/testglink.yaml
[17:43:31]   加载工作流: /Users/gary/opprime/glink/workflows/testglink.yaml
[17:43:33]   加载工作流: /Users/gary/opprime/glink/workflows/testglink.yaml
[17:43:35]   加载工作流: /Users/gary/opprime/glink/workflows/testglink.yaml
[17:43:37]   加载工作流: /Users/gary/opprime/glink/workflows/testglink.yaml
[17:43:39]   加载工作流: /Users/gary/opprime/glink/workflows/testglink.yaml
[17:43:41]   加载工作流: /Users/gary/opprime/glink/workflows/testglink.yaml
[17:43:43]   加载工作流: /Users/gary/opprime/glink/workflows/testglink.yaml
[17:43:45]   加载工作流: /Users/gary/opprime/glink/workflows/testglink.yaml
[17:43:47]   加载工作流: /Users/gary/opprime/glink/workflows/testglink.yaml
[17:43:49]   加载工作流: /Users/gary/opprime/glink/workflows/testglink.yaml
[17:43:51]   加载工作流: /Users/gary/opprime/glink/workflows/testglink.yaml
[17:43:53]   加载工作流: /Users/gary/opprime/glink/workflows/testglink.yaml
[17:43:55]   加载工作流: /Users/gary/opprime/glink/workflows/testglink.yaml
[17:43:57]   加载工作流: /Users/gary/opprime/glink/workflows/testglink.yaml
[17:43:59]   加载工作流: /Users/gary/opprime/glink/workflows/testglink.yaml
[17:44:01]   加载工作流: /Users/gary/opprime/glink/workflows/testglink.yaml
[17:44:03]   加载工作流: /Users/gary/opprime/glink/workflows/testglink.yaml
[17:44:05]   加载工作流: /Users/gary/opprime/glink/workflows/testglink.yaml
[17:44:07]   加载工作流: /Users/gary/opprime/glink/workflows/testglink.yaml
[17:44:09]   加载工作流: /Users/gary/opprime/glink/workflows/testglink.yaml
[17:44:11]   加载工作流: /Users/gary/opprime/glink/workflows/testglink.yaml
[17:44:13]   加载工作流: /Users/gary/opprime/glink/workflows/testglink.yaml
[17:44:15]   加载工作流: /Users/gary/opprime/glink/workflows/testglink.yaml
[17:44:17]   加载工作流: /Users/gary/opprime/glink/workflows/testglink.yaml
[17:44:19]   加载工作流: /Users/gary/opprime/glink/workflows/testglink.yaml
[17:44:28]   加载工作流: /Users/gary/opprime/glink/workflows/testglink.yaml
[17:45:28]   加载工作流: /Users/gary/opprime/glink/workflows/testglink.yaml
[17:46:28]   加载工作流: /Users/gary/opprime/glink/workflows/testglink.yaml
[17:47:28]   加载工作流: /Users/gary/opprime/glink/workflows/testglink.yaml
[17:48:28]   加载工作流: /Users/gary/opprime/glink/workflows/testglink.yaml
[17:49:28]   加载工作流: /Users/gary/opprime/glink/workflows/testglink.yaml
[17:50:28]   加载工作流: /Users/gary/opprime/glink/workflows/testglink.yaml
[17:51:28]   加载工作流: /Users/gary/opprime/glink/workflows/testglink.yaml
[17:52:28]   加载工作流: /Users/gary/opprime/glink/workflows/testglink.yaml
[17:53:28]   加载工作流: /Users/gary/opprime/glink/workflows/testglink.yaml
[17:54:28]   加载工作流: /Users/gary/opprime/glink/workflows/testglink.yaml
[17:55:28]   加载工作流: /Users/gary/opprime/glink/workflows/testglink.yaml
[17:56:28]   加载工作流: /Users/gary/opprime/glink/workflows/testglink.yaml
[17:57:28]   加载工作流: /Users/gary/opprime/glink/workflows/testglink.yaml
[17:58:28]   加载工作流: /Users/gary/opprime/glink/workflows/testglink.yaml
[17:59:28]   加载工作流: /Users/gary/opprime/glink/workflows/testglink.yaml
[18:00:28]   加载工作流: /Users/gary/opprime/glink/workflows/testglink.yaml
[18:01:28]   加载工作流: /Users/gary/opprime/glink/workflows/testglink.yaml
[18:02:28]   加载工作流: /Users/gary/opprime/glink/workflows/testglink.yaml
[18:03:28]   加载工作流: /Users/gary/opprime/glink/workflows/testglink.yaml
[18:04:28]   加载工作流: /Users/gary/opprime/glink/workflows/testglink.yaml
[18:05:28]   加载工作流: /Users/gary/opprime/glink/workflows/testglink.yaml
[18:06:28]   加载工作流: /Users/gary/opprime/glink/workflows/testglink.yaml
[18:07:28]   加载工作流: /Users/gary/opprime/glink/workflows/testglink.yaml
[18:08:28]   加载工作流: /Users/gary/opprime/glink/workflows/testglink.yaml
[18:09:28]   加载工作流: /Users/gary/opprime/glink/workflows/testglink.yaml
[18:10:28]   加载工作流: /Users/gary/opprime/glink/workflows/testglink.yaml
[18:11:28]   加载工作流: /Users/gary/opprime/glink/workflows/testglink.yaml
[18:12:28]   加载工作流: /Users/gary/opprime/glink/workflows/testglink.yaml
[18:13:28]   加载工作流: /Users/gary/opprime/glink/workflows/testglink.yaml
[18:14:28]   加载工作流: /Users/gary/opprime/glink/workflows/testglink.yaml
[18:15:28]   加载工作流: /Users/gary/opprime/glink/workflows/testglink.yaml
[18:16:28]   加载工作流: /Users/gary/opprime/glink/workflows/testglink.yaml
[18:17:28]   加载工作流: /Users/gary/opprime/glink/workflows/testglink.yaml
[18:18:28]   加载工作流: /Users/gary/opprime/glink/workflows/testglink.yaml
[18:19:28]   加载工作流: /Users/gary/opprime/glink/workflows/testglink.yaml
[18:20:28]   加载工作流: /Users/gary/opprime/glink/workflows/testglink.yaml
[18:21:28]   加载工作流: /Users/gary/opprime/glink/workflows/testglink.yaml
[18:22:28]   加载工作流: /Users/gary/opprime/glink/workflows/testglink.yaml
[18:23:28]   加载工作流: /Users/gary/opprime/glink/workflows/testglink.yaml
[18:24:28]   加载工作流: /Users/gary/opprime/glink/workflows/testglink.yaml
[18:25:28]   加载工作流: /Users/gary/opprime/glink/workflows/testglink.yaml
[18:26:28]   加载工作流: /Users/gary/opprime/glink/workflows/testglink.yaml
[18:27:28]   加载工作流: /Users/gary/opprime/glink/workflows/testglink.yaml
[18:28:28]   加载工作流: /Users/gary/opprime/glink/workflows/testglink.yaml
[18:29:28]   加载工作流: /Users/gary/opprime/glink/workflows/testglink.yaml
[18:30:28]   加载工作流: /Users/gary/opprime/glink/workflows/testglink.yaml
[18:31:28]   加载工作流: /Users/gary/opprime/glink/workflows/testglink.yaml
[18:32:28]   加载工作流: /Users/gary/opprime/glink/workflows/testglink.yaml
[18:33:28]   加载工作流: /Users/gary/opprime/glink/workflows/testglink.yaml
[18:34:28]   加载工作流: /Users/gary/opprime/glink/workflows/testglink.yaml
[18:35:28]   加载工作流: /Users/gary/opprime/glink/workflows/testglink.yaml
[18:36:28]   加载工作流: /Users/gary/opprime/glink/workflows/testglink.yaml
[18:37:28]   加载工作流: /Users/gary/opprime/glink/workflows/testglink.yaml
[18:38:28]   加载工作流: /Users/gary/opprime/glink/workflows/testglink.yaml
[18:39:28]   加载工作流: /Users/gary/opprime/glink/workflows/testglink.yaml
[18:40:28]   加载工作流: /Users/gary/opprime/glink/workflows/testglink.yaml
[18:41:28]   加载工作流: /Users/gary/opprime/glink/workflows/testglink.yaml
[18:42:28]   加载工作流: /Users/gary/opprime/glink/workflows/testglink.yaml
[18:43:28]   加载工作流: /Users/gary/opprime/glink/workflows/testglink.yaml
[18:44:28]   加载工作流: /Users/gary/opprime/glink/workflows/testglink.yaml
[18:45:28]   加载工作流: /Users/gary/opprime/glink/workflows/testglink.yaml
[18:46:28]   加载工作流: /Users/gary/opprime/glink/workflows/testglink.yaml
[18:47:28]   加载工作流: /Users/gary/opprime/glink/workflows/testglink.yaml
[18:48:28]   加载工作流: /Users/gary/opprime/glink/workflows/testglink.yaml
[18:49:28]   加载工作流: /Users/gary/opprime/glink/workflows/testglink.yaml
[18:50:28]   加载工作流: /Users/gary/opprime/glink/workflows/testglink.yaml
[18:51:28]   加载工作流: /Users/gary/opprime/glink/workflows/testglink.yaml
[18:52:28]   加载工作流: /Users/gary/opprime/glink/workflows/testglink.yaml
[18:53:28]   加载工作流: /Users/gary/opprime/glink/workflows/testglink.yaml
[18:54:28]   加载工作流: /Users/gary/opprime/glink/workflows/testglink.yaml
[18:55:28]   加载工作流: /Users/gary/opprime/glink/workflows/testglink.yaml
[18:56:28]   加载工作流: /Users/gary/opprime/glink/workflows/testglink.yaml
[18:57:28]   加载工作流: /Users/gary/opprime/glink/workflows/testglink.yaml
[18:58:28]   加载工作流: /Users/gary/opprime/glink/workflows/testglink.yaml
[18:59:28]   加载工作流: /Users/gary/opprime/glink/workflows/testglink.yaml
[19:00:28]   加载工作流: /Users/gary/opprime/glink/workflows/testglink.yaml
[19:01:28]   加载工作流: /Users/gary/opprime/glink/workflows/testglink.yaml
[19:02:28]   加载工作流: /Users/gary/opprime/glink/workflows/testglink.yaml
[19:03:28]   加载工作流: /Users/gary/opprime/glink/workflows/testglink.yaml
[19:04:28]   加载工作流: /Users/gary/opprime/glink/workflows/testglink.yaml
[19:05:28]   加载工作流: /Users/gary/opprime/glink/workflows/testglink.yaml
[19:06:28]   加载工作流: /Users/gary/opprime/glink/workflows/testglink.yaml
[19:06:49]   加载工作流: /Users/gary/opprime/glink/workflows/testglink.yaml
[19:06:49]   加载工作流: /Users/gary/opprime/glink/workflows/testglink.yaml
[19:06:51]   加载工作流: /Users/gary/opprime/glink/workflows/testglink.yaml
[19:06:53]   加载工作流: /Users/gary/opprime/glink/workflows/testglink.yaml
[19:06:55]   加载工作流: /Users/gary/opprime/glink/workflows/testglink.yaml
[19:06:57]   加载工作流: /Users/gary/opprime/glink/workflows/testglink.yaml
[19:06:59]   加载工作流: /Users/gary/opprime/glink/workflows/testglink.yaml
[19:07:01]   加载工作流: /Users/gary/opprime/glink/workflows/testglink.yaml
[19:07:03]   加载工作流: /Users/gary/opprime/glink/workflows/testglink.yaml
[19:07:05]   加载工作流: /Users/gary/opprime/glink/workflows/testglink.yaml
[19:07:07]   加载工作流: /Users/gary/opprime/glink/workflows/testglink.yaml
[19:07:09]   加载工作流: /Users/gary/opprime/glink/workflows/testglink.yaml
[19:07:11]   加载工作流: /Users/gary/opprime/glink/workflows/testglink.yaml
[19:07:13]   加载工作流: /Users/gary/opprime/glink/workflows/testglink.yaml
[19:07:15]   加载工作流: /Users/gary/opprime/glink/workflows/testglink.yaml
[19:07:17]   加载工作流: /Users/gary/opprime/glink/workflows/testglink.yaml
[19:07:19]   加载工作流: /Users/gary/opprime/glink/workflows/testglink.yaml
[19:07:21]   加载工作流: /Users/gary/opprime/glink/workflows/testglink.yaml
[19:07:23]   加载工作流: /Users/gary/opprime/glink/workflows/testglink.yaml
[19:07:25]   加载工作流: /Users/gary/opprime/glink/workflows/testglink.yaml
[19:07:27]   加载工作流: /Users/gary/opprime/glink/workflows/testglink.yaml
[19:07:29]   加载工作流: /Users/gary/opprime/glink/workflows/testglink.yaml
[19:07:31]   加载工作流: /Users/gary/opprime/glink/workflows/testglink.yaml
[19:07:33]   加载工作流: /Users/gary/opprime/glink/workflows/testglink.yaml
[19:07:35]   加载工作流: /Users/gary/opprime/glink/workflows/testglink.yaml
[19:07:37]   加载工作流: /Users/gary/opprime/glink/workflows/testglink.yaml
[19:07:39]   加载工作流: /Users/gary/opprime/glink/workflows/testglink.yaml
[19:07:41]   加载工作流: /Users/gary/opprime/glink/workflows/testglink.yaml
[19:07:43]   加载工作流: /Users/gary/opprime/glink/workflows/testglink.yaml
[19:07:45]   加载工作流: /Users/gary/opprime/glink/workflows/testglink.yaml
[19:07:47]   加载工作流: /Users/gary/opprime/glink/workflows/testglink.yaml
[19:07:49]   加载工作流: /Users/gary/opprime/glink/workflows/testglink.yaml
[19:07:51]   加载工作流: /Users/gary/opprime/glink/workflows/testglink.yaml
[19:08:28]   加载工作流: /Users/gary/opprime/glink/workflows/testglink.yaml
[19:09:28]   加载工作流: /Users/gary/opprime/glink/workflows/testglink.yaml
[19:09:31]   加载工作流: /Users/gary/opprime/glink/workflows/testglink.yaml
[19:09:31]   加载工作流: /Users/gary/opprime/glink/workflows/testglink.yaml
[19:09:33]   加载工作流: /Users/gary/opprime/glink/workflows/testglink.yaml
[19:09:35]   加载工作流: /Users/gary/opprime/glink/workflows/testglink.yaml
[19:09:37]   加载工作流: /Users/gary/opprime/glink/workflows/testglink.yaml
[19:09:39]   加载工作流: /Users/gary/opprime/glink/workflows/testglink.yaml
[19:09:41]   加载工作流: /Users/gary/opprime/glink/workflows/testglink.yaml
[19:09:43]   加载工作流: /Users/gary/opprime/glink/workflows/testglink.yaml
[19:09:45]   加载工作流: /Users/gary/opprime/glink/workflows/testglink.yaml
[19:09:47]   加载工作流: /Users/gary/opprime/glink/workflows/testglink.yaml
[19:09:49]   加载工作流: /Users/gary/opprime/glink/workflows/testglink.yaml
[19:09:51]   加载工作流: /Users/gary/opprime/glink/workflows/testglink.yaml
[19:09:53]   加载工作流: /Users/gary/opprime/glink/workflows/testglink.yaml
[19:09:55]   加载工作流: /Users/gary/opprime/glink/workflows/testglink.yaml
[19:09:57]   加载工作流: /Users/gary/opprime/glink/workflows/testglink.yaml
[19:09:59]   加载工作流: /Users/gary/opprime/glink/workflows/testglink.yaml
[19:10:01]   加载工作流: /Users/gary/opprime/glink/workflows/testglink.yaml
[19:10:03]   加载工作流: /Users/gary/opprime/glink/workflows/testglink.yaml
[19:10:05]   加载工作流: /Users/gary/opprime/glink/workflows/testglink.yaml
[19:10:07]   加载工作流: /Users/gary/opprime/glink/workflows/testglink.yaml
[19:10:09]   加载工作流: /Users/gary/opprime/glink/workflows/testglink.yaml
[19:10:11]   加载工作流: /Users/gary/opprime/glink/workflows/testglink.yaml
[19:10:13]   加载工作流: /Users/gary/opprime/glink/workflows/testglink.yaml
[19:10:15]   加载工作流: /Users/gary/opprime/glink/workflows/testglink.yaml
[19:10:17]   加载工作流: /Users/gary/opprime/glink/workflows/testglink.yaml
[19:10:19]   加载工作流: /Users/gary/opprime/glink/workflows/testglink.yaml
[19:10:21]   加载工作流: /Users/gary/opprime/glink/workflows/testglink.yaml
[19:10:23]   加载工作流: /Users/gary/opprime/glink/workflows/testglink.yaml
[19:10:25]   加载工作流: /Users/gary/opprime/glink/workflows/testglink.yaml
[19:10:27]   加载工作流: /Users/gary/opprime/glink/workflows/testglink.yaml
[19:10:29]   加载工作流: /Users/gary/opprime/glink/workflows/testglink.yaml
[19:10:31]   加载工作流: /Users/gary/opprime/glink/workflows/testglink.yaml
[19:10:33]   加载工作流: /Users/gary/opprime/glink/workflows/testglink.yaml
[19:10:35]   加载工作流: /Users/gary/opprime/glink/workflows/testglink.yaml
[19:10:37]   加载工作流: /Users/gary/opprime/glink/workflows/testglink.yaml
[19:10:39]   加载工作流: /Users/gary/opprime/glink/workflows/testglink.yaml
[19:10:41]   加载工作流: /Users/gary/opprime/glink/workflows/testglink.yaml
[19:10:43]   加载工作流: /Users/gary/opprime/glink/workflows/testglink.yaml
[19:10:45]   加载工作流: /Users/gary/opprime/glink/workflows/testglink.yaml
[19:10:47]   加载工作流: /Users/gary/opprime/glink/workflows/testglink.yaml
[19:10:49]   加载工作流: /Users/gary/opprime/glink/workflows/testglink.yaml
[19:10:51]   加载工作流: /Users/gary/opprime/glink/workflows/testglink.yaml
[19:10:53]   加载工作流: /Users/gary/opprime/glink/workflows/testglink.yaml
[19:10:55]   加载工作流: /Users/gary/opprime/glink/workflows/testglink.yaml
[19:10:57]   加载工作流: /Users/gary/opprime/glink/workflows/testglink.yaml
[19:10:59]   加载工作流: /Users/gary/opprime/glink/workflows/testglink.yaml
[19:11:01]   加载工作流: /Users/gary/opprime/glink/workflows/testglink.yaml
[19:11:03]   加载工作流: /Users/gary/opprime/glink/workflows/testglink.yaml
[19:11:05]   加载工作流: /Users/gary/opprime/glink/workflows/testglink.yaml
[19:11:07]   加载工作流: /Users/gary/opprime/glink/workflows/testglink.yaml
[19:11:09]   加载工作流: /Users/gary/opprime/glink/workflows/testglink.yaml
[19:11:11]   加载工作流: /Users/gary/opprime/glink/workflows/testglink.yaml
[19:11:13]   加载工作流: /Users/gary/opprime/glink/workflows/testglink.yaml
[19:11:15]   加载工作流: /Users/gary/opprime/glink/workflows/testglink.yaml
[19:11:28]   加载工作流: /Users/gary/opprime/glink/workflows/testglink.yaml
[19:27:13]   加载工作流: /Users/gary/opprime/glink/workflows/testglink.yaml
[19:27:15]   加载工作流: /Users/gary/opprime/glink/workflows/testglink.yaml
[19:27:17]   加载工作流: /Users/gary/opprime/glink/workflows/testglink.yaml
[19:27:19]   加载工作流: /Users/gary/opprime/glink/workflows/testglink.yaml
[19:27:21]   加载工作流: /Users/gary/opprime/glink/workflows/testglink.yaml
[19:27:23]   加载工作流: /Users/gary/opprime/glink/workflows/testglink.yaml
[19:27:25]   加载工作流: /Users/gary/opprime/glink/workflows/testglink.yaml
[19:27:27]   加载工作流: /Users/gary/opprime/glink/workflows/testglink.yaml
[19:27:29]   加载工作流: /Users/gary/opprime/glink/workflows/testglink.yaml
[19:27:31]   加载工作流: /Users/gary/opprime/glink/workflows/testglink.yaml
[19:27:33]   加载工作流: /Users/gary/opprime/glink/workflows/testglink.yaml
[19:27:35]   加载工作流: /Users/gary/opprime/glink/workflows/testglink.yaml
[19:27:37]   加载工作流: /Users/gary/opprime/glink/workflows/testglink.yaml
[19:27:39]   加载工作流: /Users/gary/opprime/glink/workflows/testglink.yaml
[19:27:41]   加载工作流: /Users/gary/opprime/glink/workflows/testglink.yaml
[19:27:43]   加载工作流: /Users/gary/opprime/glink/workflows/testglink.yaml
[19:27:45]   加载工作流: /Users/gary/opprime/glink/workflows/testglink.yaml
[19:27:47]   加载工作流: /Users/gary/opprime/glink/workflows/testglink.yaml
[19:27:49]   加载工作流: /Users/gary/opprime/glink/workflows/testglink.yaml
[19:27:51]   加载工作流: /Users/gary/opprime/glink/workflows/testglink.yaml
[19:27:53]   加载工作流: /Users/gary/opprime/glink/workflows/testglink.yaml
[19:27:55]   加载工作流: /Users/gary/opprime/glink/workflows/testglink.yaml
[19:27:57]   加载工作流: /Users/gary/opprime/glink/workflows/testglink.yaml
[19:27:59]   加载工作流: /Users/gary/opprime/glink/workflows/testglink.yaml
[19:28:01]   加载工作流: /Users/gary/opprime/glink/workflows/testglink.yaml
[19:28:03]   加载工作流: /Users/gary/opprime/glink/workflows/testglink.yaml
[19:28:05]   加载工作流: /Users/gary/opprime/glink/workflows/testglink.yaml
[19:28:07]   加载工作流: /Users/gary/opprime/glink/workflows/testglink.yaml
[19:28:09]   加载工作流: /Users/gary/opprime/glink/workflows/testglink.yaml
[19:28:28]   加载工作流: /Users/gary/opprime/glink/workflows/testglink.yaml
[19:29:28]   加载工作流: /Users/gary/opprime/glink/workflows/testglink.yaml
[19:30:28]   加载工作流: /Users/gary/opprime/glink/workflows/testglink.yaml
[19:31:28]   加载工作流: /Users/gary/opprime/glink/workflows/testglink.yaml
[19:32:28]   加载工作流: /Users/gary/opprime/glink/workflows/testglink.yaml
[19:33:28]   加载工作流: /Users/gary/opprime/glink/workflows/testglink.yaml
[19:34:28]   加载工作流: /Users/gary/opprime/glink/workflows/testglink.yaml
[19:35:28]   加载工作流: /Users/gary/opprime/glink/workflows/testglink.yaml
[19:36:28]   加载工作流: /Users/gary/opprime/glink/workflows/testglink.yaml
[19:37:28]   加载工作流: /Users/gary/opprime/glink/workflows/testglink.yaml
[19:38:28]   加载工作流: /Users/gary/opprime/glink/workflows/testglink.yaml
[19:39:28]   加载工作流: /Users/gary/opprime/glink/workflows/testglink.yaml
[19:40:28]   加载工作流: /Users/gary/opprime/glink/workflows/testglink.yaml
[19:41:28]   加载工作流: /Users/gary/opprime/glink/workflows/testglink.yaml
[19:42:28]   加载工作流: /Users/gary/opprime/glink/workflows/testglink.yaml
[19:43:28]   加载工作流: /Users/gary/opprime/glink/workflows/testglink.yaml
[19:44:28]   加载工作流: /Users/gary/opprime/glink/workflows/testglink.yaml
[19:45:28]   加载工作流: /Users/gary/opprime/glink/workflows/testglink.yaml
[19:46:28]   加载工作流: /Users/gary/opprime/glink/workflows/testglink.yaml
[19:47:28]   加载工作流: /Users/gary/opprime/glink/workflows/testglink.yaml
[19:48:28]   加载工作流: /Users/gary/opprime/glink/workflows/testglink.yaml
[19:49:28]   加载工作流: /Users/gary/opprime/glink/workflows/testglink.yaml
[19:50:28]   加载工作流: /Users/gary/opprime/glink/workflows/testglink.yaml
[19:51:28]   加载工作流: /Users/gary/opprime/glink/workflows/testglink.yaml
[19:52:28]   加载工作流: /Users/gary/opprime/glink/workflows/testglink.yaml
